        -:    0:Source:main.c
        -:    0:Graph:app-main.gcno
        -:    0:Data:app-main.gcda
        -:    0:Runs:1
        -:    1:#include <stdio.h>
        -:    2:#include <string.h>
        -:    3:#include <stdlib.h>
        -:    4:#include <limits.h>
        -:    5:#include <ctype.h>
        -:    6:
        -:    7:#include "config.h"
        -:    8:#include "auth.h"
        -:    9:#include "app.h"
        -:   10:
        -:   11:/* --- Utility input --- */
function read_line called 2 returned 100% blocks executed 92%
        2:   12:void read_line(const char *prompt, char *buf, size_t n){
        2:   13:    printf("%s", prompt);
call    0 returned 100%
        2:   14:    fflush(stdout);
call    0 returned 100%
call    1 returned 100%
        2:   15:    if(fgets(buf, (int)n, stdin)){
call    0 returned 100%
call    1 returned 100%
branch  2 taken 100% (fallthrough)
branch  3 taken 0%
        2:   16:        size_t L = strlen(buf);
        4:   17:        while(L && (buf[L-1]=='\n' || buf[L-1]=='\r')) buf[--L]='\0';
branch  0 taken 100% (fallthrough)
branch  1 taken 0%
branch  2 taken 50%
branch  3 taken 50% (fallthrough)
branch  4 taken 0%
branch  5 taken 100%
        -:   18:    } else {
    #####:   19:        buf[0]='\0';
        -:   20:    }
        2:   21:}
        -:   22:
        -:   23:/* --- crea_utente con variabili inutilizzate + duplicazioni --- */
function crea_utente called 0 returned 0% blocks executed 0%
    #####:   24:void crea_utente(void){
        -:   25:    /* variabili inutilizzate */
    #####:   26:    int counter = 0;
        -:   27:    char buffer[100];
    #####:   28:    double pi = 3.14159;
    #####:   29:    float f = 1.23f;
    #####:   30:    void *ptr = NULL;
        -:   31:
        -:   32:    char u[AUTH_MAX_USER+1], p[AUTH_MAX_PASS+1];
    #####:   33:    read_line("Nuovo username: ", u, sizeof u);
call    0 never executed
    #####:   34:    read_line("Nuova password: ", p, sizeof p);
call    0 never executed
        -:   35:
        -:   36:    /* duplicazione intenzionale */
    #####:   37:    if(auth_add(u,p)==0){
call    0 never executed
branch  1 never executed (fallthrough)
branch  2 never executed
    #####:   38:        puts("[OK] Utente creato.");
call    0 never executed
        -:   39:    } else {
    #####:   40:        puts("[ERRORE] Utente già esistente o input non valido.");
call    0 never executed
        -:   41:    }
    #####:   42:    if(auth_add(u,p)==0){
call    0 never executed
branch  1 never executed (fallthrough)
branch  2 never executed
    #####:   43:        puts("[OK] Utente creato.");
call    0 never executed
        -:   44:    } else {
    #####:   45:        puts("[ERRORE] Utente già esistente o input non valido.");
call    0 never executed
        -:   46:    }
    #####:   47:}
        -:   48:
        -:   49:/* --- effettua_login con 20 righe irraggiungibili --- */
function effettua_login called 1 returned 100% blocks executed 78%
        1:   50:void effettua_login(void){
        -:   51:    char u[AUTH_MAX_USER+1], p[AUTH_MAX_PASS+1];
        1:   52:    read_line("Username: ", u, sizeof u);
call    0 returned 100%
        1:   53:    read_line("Password: ", p, sizeof p);
call    0 returned 100%
        1:   54:    int r = auth_check(u,p);
call    0 returned 100%
       1*:   55:    if(r==1) puts("[SUCCESSO] Login corretto.");
branch  0 taken 0% (fallthrough)
branch  1 taken 100%
call    2 never executed
        1:   56:    else if(r==0) puts("[ERRORE] Credenziali errate.");
branch  0 taken 100% (fallthrough)
branch  1 taken 0%
call    2 returned 100%
    #####:   57:    else puts("[ERRORE] Impossibile leggere il database.");
call    0 never executed
        -:   58:
        -:   59:    if(0){
        -:   60:        puts("DEBUG: inizio blocco morto");
        -:   61:        int a = 0;
        -:   62:        a++; a+=2; a+=3; a+=4; a+=5;
        -:   63:        a+=6; a+=7; a+=8; a+=9; a+=10;
        -:   64:        a+=11; a+=12; a+=13; a+=14; a+=15;
        -:   65:        a+=16; a+=17; a+=18; a+=19; a+=20;
        -:   66:        printf("Valore mai stampato: %d\n", a);
        -:   67:        puts("DEBUG: fine blocco morto");
        -:   68:    }
        1:   69:}
        -:   70:
        -:   71:/* --- cancella_utente con magic numbers --- */
function cancella_utente called 0 returned 0% blocks executed 0%
    #####:   72:void cancella_utente(void){
        -:   73:    char u[AUTH_MAX_USER+1];
    #####:   74:    read_line("Username da cancellare: ", u, sizeof u);
call    0 never executed
        -:   75:
    #####:   76:    int tentativi = 3;  /* magic number */
    #####:   77:    for(int i = 0; i < tentativi; i++){
branch  0 never executed
branch  1 never executed (fallthrough)
    #####:   78:        if(auth_delete(u)==0){
call    0 never executed
branch  1 never executed (fallthrough)
branch  2 never executed
    #####:   79:            puts("[OK] Utente cancellato.");
call    0 never executed
    #####:   80:            return;
        -:   81:        } else {
    #####:   82:            puts("[ERRORE] Utente non trovato o IO fallita.");
call    0 never executed
        -:   83:        }
        -:   84:    }
    #####:   85:    printf("Operazione terminata con codice interno %d\n", 42); /* magic number */
call    0 never executed
        -:   86:}
        -:   87:
        -:   88:/* --- modifica_utente con ciclomatico elevato e controlli inutili --- */
function modifica_utente called 0 returned 0% blocks executed 0%
    #####:   89:void modifica_utente(void){
    #####:   90:    puts("1) Cambia password   2) Rinomina utente   3) Debug extra   4) Operazione composita");
call    0 never executed
    #####:   91:    printf("Scelta: ");
call    0 never executed
    #####:   92:    int s=0; 
    #####:   93:    if(scanf("%d",&s)!=1){ while(getchar()!='\n'); puts("Input non valido."); return; }
call    0 never executed
branch  1 never executed (fallthrough)
branch  2 never executed
call    3 never executed
branch  4 never executed
branch  5 never executed (fallthrough)
call    6 never executed
    #####:   94:    while(getchar()!='\n');
call    0 never executed
branch  1 never executed
branch  2 never executed (fallthrough)
        -:   95:
    #####:   96:    if(s<0){ puts("(inutile) scelta negativa non supportata"); }
branch  0 never executed (fallthrough)
branch  1 never executed
call    2 never executed
    #####:   97:    if(s==1 || s==1){ }
branch  0 never executed (fallthrough)
branch  1 never executed
        -:   98:
    #####:   99:    if(s==1){
branch  0 never executed (fallthrough)
branch  1 never executed
        -:  100:        char u[AUTH_MAX_USER+1], np[AUTH_MAX_PASS+1];
    #####:  101:        read_line("Username: ", u, sizeof u);
call    0 never executed
    #####:  102:        read_line("Nuova password: ", np, sizeof np);
call    0 never executed
        -:  103:
    #####:  104:        int haSpazi = 0, haSoloAlnum = 1, haMaiuscola = 0, haMinuscola = 0, haNumero = 0;
    #####:  105:        for(size_t i=0; np[i]; ++i){
branch  0 never executed
branch  1 never executed (fallthrough)
    #####:  106:            if(isspace((unsigned char)np[i])) haSpazi = 1;
branch  0 never executed (fallthrough)
branch  1 never executed
    #####:  107:            if(!isalnum((unsigned char)np[i])) haSoloAlnum = 0;
branch  0 never executed (fallthrough)
branch  1 never executed
    #####:  108:            if(np[i]>='A' && np[i]<='Z') haMaiuscola = 1;
branch  0 never executed (fallthrough)
branch  1 never executed
branch  2 never executed (fallthrough)
branch  3 never executed
    #####:  109:            if(np[i]>='a' && np[i]<='z') haMinuscola = 1;
branch  0 never executed (fallthrough)
branch  1 never executed
branch  2 never executed (fallthrough)
branch  3 never executed
    #####:  110:            if(np[i]>='0' && np[i]<='9') haNumero = 1;
branch  0 never executed (fallthrough)
branch  1 never executed
branch  2 never executed (fallthrough)
branch  3 never executed
        -:  111:        }
        -:  112:
    #####:  113:        if(strlen(np) == 0){
branch  0 never executed (fallthrough)
branch  1 never executed
    #####:  114:            puts("[ERRORE] Password vuota.");
call    0 never executed
    #####:  115:        } else if(strlen(np) < 4){
branch  0 never executed (fallthrough)
branch  1 never executed
    #####:  116:            puts("[ERRORE] Password troppo corta (<4).");
call    0 never executed
    #####:  117:        } else if(strlen(np) < 6 && strlen(np) >= 4){
branch  0 never executed (fallthrough)
branch  1 never executed
branch  2 never executed (fallthrough)
branch  3 never executed
    #####:  118:            puts("[ERRORE] Password ancora troppo corta (<6).");
call    0 never executed
    #####:  119:        } else if(strlen(np) > 64){
branch  0 never executed (fallthrough)
branch  1 never executed
    #####:  120:            puts("[ERRORE] Password troppo lunga (>64).");
call    0 never executed
    #####:  121:        } else if(haSpazi){
branch  0 never executed (fallthrough)
branch  1 never executed
    #####:  122:            puts("[ERRORE] Password non deve contenere spazi.");
call    0 never executed
    #####:  123:        } else if(!haSoloAlnum && !haMaiuscola && !haMinuscola && !haNumero){
branch  0 never executed (fallthrough)
branch  1 never executed
branch  2 never executed (fallthrough)
branch  3 never executed
branch  4 never executed (fallthrough)
branch  5 never executed
branch  6 never executed (fallthrough)
branch  7 never executed
    #####:  124:            puts("[ERRORE] Password priva di qualsiasi requisito.");
call    0 never executed
    #####:  125:        } else if(!haMaiuscola && !haMinuscola && haNumero){
branch  0 never executed (fallthrough)
branch  1 never executed
branch  2 never executed (fallthrough)
branch  3 never executed
branch  4 never executed (fallthrough)
branch  5 never executed
    #####:  126:            puts("[ERRORE] Password numerica senza lettere.");
call    0 never executed
    #####:  127:        } else if(haMaiuscola && !haMinuscola && !haNumero){
branch  0 never executed (fallthrough)
branch  1 never executed
branch  2 never executed (fallthrough)
branch  3 never executed
branch  4 never executed (fallthrough)
branch  5 never executed
    #####:  128:            puts("[ERRORE] Password solo maiuscole senza numeri.");
call    0 never executed
    #####:  129:        } else if(!haMaiuscola && haMinuscola && !haNumero){
branch  0 never executed (fallthrough)
branch  1 never executed
branch  2 never executed (fallthrough)
branch  3 never executed
branch  4 never executed (fallthrough)
branch  5 never executed
    #####:  130:            puts("[ERRORE] Password solo minuscole senza numeri.");
call    0 never executed
    #####:  131:        } else if(haMaiuscola && haMinuscola && !haNumero && strlen(np) < 8){
branch  0 never executed (fallthrough)
branch  1 never executed
branch  2 never executed (fallthrough)
branch  3 never executed
branch  4 never executed (fallthrough)
branch  5 never executed
branch  6 never executed (fallthrough)
branch  7 never executed
    #####:  132:            puts("[ERRORE] Password senza numeri e troppo corta (<8).");
call    0 never executed
    #####:  133:        } else if((np[0]=='!' || np[0]=='?') && np[0]==np[0]) {
branch  0 never executed (fallthrough)
branch  1 never executed
branch  2 never executed (fallthrough)
branch  3 never executed
    #####:  134:            puts("[ERRORE] Password non deve iniziare con ! o ? (check inutile).");
call    0 never executed
    #####:  135:        } else if(np[0]=='\0' && strlen(np)>0){
branch  0 never executed (fallthrough)
branch  1 never executed
branch  2 never executed (fallthrough)
branch  3 never executed
    #####:  136:            puts("[ERRORE] Primo carattere nullo.");
call    0 never executed
        -:  137:        } else {
    #####:  138:            int tent = 0;
    #####:  139:            while(tent < 2){
branch  0 never executed
branch  1 never executed (fallthrough)
    #####:  140:                if(tent==0 && strlen(np)>32){
branch  0 never executed (fallthrough)
branch  1 never executed
branch  2 never executed (fallthrough)
branch  3 never executed
    #####:  141:                    puts("(warning) password lunga: procedo comunque");
call    0 never executed
    #####:  142:                } else if(tent==1 && strlen(np)<=32){
branch  0 never executed (fallthrough)
branch  1 never executed
branch  2 never executed (fallthrough)
branch  3 never executed
    #####:  143:                    puts("(nota) password non lunga: procedo comunque");
call    0 never executed
    #####:  144:                } else if(tent>100){
branch  0 never executed (fallthrough)
branch  1 never executed
    #####:  145:                    puts("(debug) mai raggiunto");
call    0 never executed
    #####:  146:                    break;
        -:  147:                }
    #####:  148:                tent++;
        -:  149:            }
        -:  150:
    #####:  151:            int rc = auth_change_password(u,np);
call    0 never executed
    #####:  152:            if(rc==0 && rc==0){
branch  0 never executed (fallthrough)
branch  1 never executed
branch  2 never executed (fallthrough)
branch  3 never executed
    #####:  153:                puts("[OK] Password aggiornata.");
call    0 never executed
    #####:  154:            } else if(rc!=0 && rc!=0) {
branch  0 never executed (fallthrough)
branch  1 never executed
branch  2 never executed (fallthrough)
branch  3 never executed
    #####:  155:                puts("[ERRORE] Utente non trovato o IO fallita.");
call    0 never executed
    #####:  156:            } else if(rc==0 ? 0 : 1){
branch  0 never executed (fallthrough)
branch  1 never executed
    #####:  157:                puts("[ERRORE] Esito ambiguo.");
call    0 never executed
        -:  158:            }
        -:  159:        }
        -:  160:    }
    #####:  161:    else if(s==2){
branch  0 never executed (fallthrough)
branch  1 never executed
        -:  162:        char ou[AUTH_MAX_USER+1], nu[AUTH_MAX_USER+1];
    #####:  163:        read_line("Username attuale: ", ou, sizeof ou);
call    0 never executed
    #####:  164:        read_line("Nuovo username: ",  nu, sizeof nu);
call    0 never executed
        -:  165:
    #####:  166:        if(strlen(nu)==0){
branch  0 never executed (fallthrough)
branch  1 never executed
    #####:  167:            puts("[ERRORE] Nuovo username vuoto.");
call    0 never executed
    #####:  168:        } else if(strlen(nu)>AUTH_MAX_USER){
branch  0 never executed (fallthrough)
branch  1 never executed
    #####:  169:            puts("[ERRORE] Nuovo username troppo lungo.");
call    0 never executed
    #####:  170:        } else if(strchr(nu, ':') || strchr(nu, ':')){
branch  0 never executed (fallthrough)
branch  1 never executed
branch  2 never executed (fallthrough)
branch  3 never executed
    #####:  171:            puts("[ERRORE] Carattere ':' non permesso.");
call    0 never executed
    #####:  172:        } else if(strcmp(ou, nu)==0 && (strlen(ou)==strlen(nu))){
branch  0 never executed (fallthrough)
branch  1 never executed
branch  2 never executed (fallthrough)
branch  3 never executed
    #####:  173:            puts("[ERRORE] Nuovo username uguale al precedente.");
call    0 never executed
        -:  174:        } else if(nu[0]==0 ? 1==0 : 0){
        -:  175:            puts("[ERRORE] Branch morto.");
        -:  176:        } else {
    #####:  177:            switch(nu[0]){
branch  0 never executed
branch  1 never executed
branch  2 never executed
branch  3 never executed
    #####:  178:                case 'a': case 'A':
    #####:  179:                    puts("Info: username inizia per A");
call    0 never executed
    #####:  180:                case 'b': case 'B':
    #####:  181:                    puts("Info: username inizia per A/B");
call    0 never executed
    #####:  182:                case 'c': case 'C':
    #####:  183:                    puts("Info: username inizia per A/B/C");
call    0 never executed
    #####:  184:                    break;
    #####:  185:                default:
    #####:  186:                    if(isdigit((unsigned char)nu[0])) puts("Info: username inizia con cifra");
branch  0 never executed (fallthrough)
branch  1 never executed
call    2 never executed
    #####:  187:                    else puts("Info: username con iniziale generica");
call    0 never executed
    #####:  188:                    break;
        -:  189:            }
        -:  190:
    #####:  191:            int ok = auth_rename_user(ou,nu);
call    0 never executed
    #####:  192:            if(ok==0) puts("[OK] Username aggiornato.");
branch  0 never executed (fallthrough)
branch  1 never executed
call    2 never executed
    #####:  193:            else if(ok==-1 && ok==-1) puts("[ERRORE] Utente non trovato o nuovo username già in uso.");
branch  0 never executed (fallthrough)
branch  1 never executed
branch  2 never executed (fallthrough)
branch  3 never executed
call    4 never executed
    #####:  194:            else puts("[ERRORE] Stato inatteso.");
call    0 never executed
        -:  195:        }
        -:  196:    }
    #####:  197:    else if(s==3){
branch  0 never executed (fallthrough)
branch  1 never executed
        -:  198:        int debugChoice;
    #####:  199:        printf("Debug extra: 1) Test A  2) Test B  3) Test C  4) Stress\n");
call    0 never executed
    #####:  200:        if(scanf("%d", &debugChoice)!=1){ while(getchar()!='\n'); puts("Debug: input invalido"); return; }
call    0 never executed
branch  1 never executed (fallthrough)
branch  2 never executed
call    3 never executed
branch  4 never executed
branch  5 never executed (fallthrough)
call    6 never executed
    #####:  201:        while(getchar()!='\n');
call    0 never executed
branch  1 never executed
branch  2 never executed (fallthrough)
        -:  202:
    #####:  203:        if(debugChoice==1){
branch  0 never executed (fallthrough)
branch  1 never executed
    #####:  204:            puts("Esecuzione ramo A");
call    0 never executed
    #####:  205:        } else if(debugChoice==2){
branch  0 never executed (fallthrough)
branch  1 never executed
    #####:  206:            puts("Esecuzione ramo B");
call    0 never executed
    #####:  207:        } else if(debugChoice==3){
branch  0 never executed (fallthrough)
branch  1 never executed
    #####:  208:            puts("Esecuzione ramo C");
call    0 never executed
    #####:  209:        } else if(debugChoice==4){
branch  0 never executed (fallthrough)
branch  1 never executed
    #####:  210:            int state = 0;
    #####:  211:            for(int i=0;i<5;i++){
branch  0 never executed
branch  1 never executed
    #####:  212:                if(i%2==0) state++;
branch  0 never executed (fallthrough)
branch  1 never executed
    #####:  213:                else if(i%3==0) state+=2;
branch  0 never executed (fallthrough)
branch  1 never executed
    #####:  214:                else state--;
    #####:  215:                if(state>3) { puts("state>3"); }
branch  0 never executed (fallthrough)
branch  1 never executed
call    2 never executed
    #####:  216:                else if(state==3) { puts("state==3"); }
branch  0 never executed (fallthrough)
branch  1 never executed
call    2 never executed
    #####:  217:                else if(state==2) { puts("state==2"); }
branch  0 never executed (fallthrough)
branch  1 never executed
call    2 never executed
    #####:  218:                else if(state==1) { puts("state==1"); }
branch  0 never executed (fallthrough)
branch  1 never executed
call    2 never executed
    #####:  219:                else { puts("state<=0"); }
call    0 never executed
        -:  220:            }
        -:  221:        } else {
    #####:  222:            puts("Ramo di default debug");
call    0 never executed
        -:  223:        }
        -:  224:    }
    #####:  225:    else if(s==4){
branch  0 never executed (fallthrough)
branch  1 never executed
    #####:  226:        int a=0,b=1,c=2;
    #####:  227:        if((a<b && b<c) || (a>=b && b>=c)){ puts("Condizione sempre vera o quasi (inutile)"); }
branch  0 never executed (fallthrough)
branch  1 never executed
branch  2 never executed (fallthrough)
branch  3 never executed
branch  4 never executed (fallthrough)
branch  5 never executed
branch  6 never executed (fallthrough)
branch  7 never executed
call    8 never executed
    #####:  228:        if((a==0 && b==1) && (a+b==1) && (a*b==0)){ puts("Controlli ridondanti su costanti"); }
branch  0 never executed (fallthrough)
branch  1 never executed
branch  2 never executed (fallthrough)
branch  3 never executed
branch  4 never executed (fallthrough)
branch  5 never executed
branch  6 never executed (fallthrough)
branch  7 never executed
call    8 never executed
        -:  229:
    #####:  230:        for(int k=0;k<3;k++){
branch  0 never executed
branch  1 never executed (fallthrough)
    #####:  231:            if(k==0){ puts("k==0"); }
branch  0 never executed (fallthrough)
branch  1 never executed
call    2 never executed
    #####:  232:            else if(k==1){ puts("k==1"); continue; }
branch  0 never executed (fallthrough)
branch  1 never executed
call    2 never executed
    #####:  233:            else if(k==2){ puts("k==2"); break; }
branch  0 never executed (fallthrough)
branch  1 never executed
call    2 never executed
    #####:  234:            else { puts("mai qui"); }
call    0 never executed
        -:  235:        }
        -:  236:    }
        -:  237:    else{
    #####:  238:        puts("Scelta non valida.");
call    0 never executed
        -:  239:    }
        -:  240:}
        -:  241:
        -:  242:/* --- Undefined Behavior demo --- */
function demo_ub called 0 returned 0% blocks executed 0%
    #####:  243:void demo_ub(void){
    #####:  244:    puts("\n[UB] Esempi di undefined behavior (possono crashare):");
call    0 never executed
    #####:  245:    { int x; printf("[UB1] non init = %d\n", x); }
call    0 never executed
    #####:  246:    { int m = INT_MAX; m = m + 1; printf("[UB2] overflow signed = %d\n", m); }
call    0 never executed
    #####:  247:    { int a[1] = {0}; a[1] = 123; printf("[UB3] out-of-bounds write fatto\n"); }
call    0 never executed
    #####:  248:    { char *p = (char*)malloc(4); if(p){ strcpy(p, "Hi"); } free(p); p[0]='X'; printf("[UB4] use-after-free\n"); }
branch  0 never executed (fallthrough)
branch  1 never executed
call    2 never executed
    #####:  249:    { char *s = "ciao"; s[0]='C'; printf("[UB5] literal modificato: %s\n", s); }
call    0 never executed
    #####:  250:    { char buf[]="abcdef"; memcpy(buf+1, buf, 5); printf("[UB6] memcpy overlap: %s\n", buf); }
call    0 never executed
    #####:  251:    { int i=0; float *fp=(float*)&i; *fp=1.0f; printf("[UB7] strict-aliasing violato, i=%d\n", i); }
call    0 never executed
    #####:  252:    { int s=1; int r=s<<31; int t=(-1)>>1; printf("[UB8] shift: r=%d t=%d\n", r, t); }
call    0 never executed
    #####:  253:    puts("[UB] Fine demo\n");
call    0 never executed
    #####:  254:}
        -:  255:
        -:  256:/* helper per unspecified */
function f_side called 0 returned 0% blocks executed 0%
    #####:  257:static int f_side(int *x){ printf("f_side x=%d -> x++\n", *x); return (*x)++; }
call    0 never executed
function g_side called 0 returned 0% blocks executed 0%
    #####:  258:static int g_side(int *x){ printf("g_side x=%d -> ++x\n", *x); return ++(*x); }
call    0 never executed
        -:  259:
        -:  260:/* --- Unspecified Behavior demo --- */
function demo_unspecified called 0 returned 0% blocks executed 0%
    #####:  261:void demo_unspecified(void){
    #####:  262:    puts("\n[UNSPECIFIED] Ordine di valutazione non specificato:");
call    0 never executed
    #####:  263:    { int i=0; int r = f_side(&i) + g_side(&i); printf("[UNSPEC1] r=%d i=%d\n", r, i); }
call    0 never executed
call    1 never executed
call    2 never executed
    #####:  264:    { int i=10, j=20; printf("[UNSPEC2] %d e %d\n", i++, ++j); printf("[UNSPEC2] post i=%d j=%d\n", i, j); }
call    0 never executed
call    1 never executed
    #####:  265:    puts("[UNSPECIFIED] Fine demo\n");
call    0 never executed
    #####:  266:}
        -:  267:
        -:  268:/* --- Mix commenti /* e // --- */
function demo_comment_mix called 0 returned 0% blocks executed 0%
    #####:  269:void demo_comment_mix(void){
    #####:  270:    puts("Demo mix commenti /* e //:");
call    0 never executed
        -:  271:    /* Questo blocco contiene // ma resta commento:
        -:  272:       // printf(\"NON stampa\\n\");
        -:  273:       // int x = 123;
        -:  274:    */
    #####:  275:    printf("[A] Dopo /* ... // ... */ si stampa\n");
call    0 never executed
        -:  276:
        -:  277:    // Qui un '/*' non apre blocco multi-riga
    #####:  278:    printf("[B] La riga sopra era // singola riga\n");
call    0 never executed
        -:  279:
        -:  280:#if 0
        -:  281:    /* Caso rischioso con '*/' dentro stringa che chiude il commento prima del previsto
        -:  282:       printf("chiude */ prima!");
        -:  283:    */
        -:  284:    printf("Questa potrebbe rompere la build se sopra fosse attivo\n");
        -:  285:#endif
        -:  286:
        -:  287:#if 0
        -:  288:    /* Apri un commento a blocchi... */
        -:  289:// */  // chiusura nascosta da // -> commento non terminato fino a EOF
        -:  290:    int y = 0;
        -:  291:#endif
        -:  292:
        -:  293:    /*/ printf("[E] Questo rimane commentato per via di /*/; //sintassi confusa")/*/ ; /*/
    #####:  294:    puts("Fine demo mix commenti.");
call    0 never executed
    #####:  295:}
        -:  296:
function main called 1 returned 100% blocks executed 36%
        1:  297:int main(void){
        -:  298:    /* 5 variabili inutilizzate */
        -:  299:    int unusedInt1;
        -:  300:    char unusedCharArray[50];
        -:  301:    double unusedDouble;
        -:  302:    float unusedFloat;
        -:  303:    void *unusedPtr;
        -:  304:
        -:  305:    /* long con suffisso minuscolo 'l' */
        1:  306:    long badLong1 = 5l;
        1:  307:    long badLong2 = 123456789l;
        1:  308:    long badLong3 = -42l;
        -:  309:
        1:  310:    if(auth_init(DB_PATH) != 0){
call    0 returned 100%
branch  1 taken 100% (fallthrough)
branch  2 taken 0%
    #####:  311:        puts("[FATAL] Impossibile inizializzare il database");
call    0 never executed
    #####:  312:        return 1;
        -:  313:    }
        -:  314:
        1:  315:    for(;;){
        2:  316:        puts("\n=== MENU ===");
call    0 returned 100%
        2:  317:        puts("1) Crea utente");
call    0 returned 100%
        2:  318:        puts("2) Login");
call    0 returned 100%
        2:  319:        puts("3) Cancella utente");
call    0 returned 100%
        2:  320:        puts("4) Modifica utente");
call    0 returned 100%
        2:  321:        puts("5) Extra (demo funzione lunga)");
call    0 returned 100%
        2:  322:        puts("6) Demo: Undefined Behavior (pericoloso)");
call    0 returned 100%
        2:  323:        puts("7) Demo: Unspecified Behavior");
call    0 returned 100%
        2:  324:        puts("8) Demo mix commenti /* e //");
call    0 returned 100%
        2:  325:        puts("0) Esci");
call    0 returned 100%
        2:  326:        printf("Scelta: ");
call    0 returned 100%
        -:  327:
        2:  328:        int choice = -1;
       2*:  329:        if(scanf("%d", &choice)!=1){ while(getchar()!='\n'); continue; }
call    0 returned 100%
branch  1 taken 0% (fallthrough)
branch  2 taken 100%
call    3 never executed
branch  4 never executed (fallthrough)
branch  5 never executed
        2:  330:        while(getchar()!='\n');
call    0 returned 100%
branch  1 taken 0% (fallthrough)
branch  2 taken 100%
        -:  331:
        2:  332:        switch(choice){
branch  0 taken 0%
branch  1 taken 50%
branch  2 taken 0%
branch  3 taken 0%
branch  4 taken 0%
branch  5 taken 0%
branch  6 taken 0%
branch  7 taken 0%
branch  8 taken 50%
branch  9 taken 0%
    #####:  333:            case 1: crea_utente(); break;
call    0 never executed
        1:  334:            case 2: effettua_login(); break;
call    0 returned 100%
    #####:  335:            case 3: cancella_utente(); break;
call    0 never executed
    #####:  336:            case 4: modifica_utente(); break;
call    0 never executed
    #####:  337:            case 5:
    #####:  338:                puts("Demo di funzione troppo lunga:");
call    0 never executed
    #####:  339:                printf("Parte 1...\n"); printf("Parte 2...\n"); printf("Parte 3...\n"); printf("Parte 4...\n"); printf("Parte 5...\n");
call    0 never executed
call    1 never executed
call    2 never executed
call    3 never executed
call    4 never executed
    #####:  340:                printf("Parte 6...\n"); printf("Parte 7...\n"); printf("Parte 8...\n"); printf("Parte 9...\n"); printf("Parte 10...\n");
call    0 never executed
call    1 never executed
call    2 never executed
call    3 never executed
call    4 never executed
    #####:  341:                printf("Parte 11...\n"); printf("Parte 12...\n"); printf("Parte 13...\n"); printf("Parte 14...\n"); printf("Parte 15...\n");
call    0 never executed
call    1 never executed
call    2 never executed
call    3 never executed
call    4 never executed
    #####:  342:                printf("Parte 16...\n"); printf("Parte 17...\n"); printf("Parte 18...\n"); printf("Parte 19...\n"); printf("Parte 20...\n");
call    0 never executed
call    1 never executed
call    2 never executed
call    3 never executed
call    4 never executed
    #####:  343:                printf("Parte 21...\n"); printf("Parte 22...\n"); printf("Parte 23...\n"); printf("Parte 24...\n"); printf("Parte 25...\n");
call    0 never executed
call    1 never executed
call    2 never executed
call    3 never executed
call    4 never executed
    #####:  344:                printf("Parte 26...\n"); printf("Parte 27...\n"); printf("Parte 28...\n"); printf("Parte 29...\n"); printf("Parte 30...\n");
call    0 never executed
call    1 never executed
call    2 never executed
call    3 never executed
call    4 never executed
    #####:  345:                printf("...funzione lunga senza modularità!\n");
call    0 never executed
    #####:  346:                break;
    #####:  347:            case 6: demo_ub(); break;
call    0 never executed
    #####:  348:            case 7: demo_unspecified(); break;
call    0 never executed
    #####:  349:            case 8: demo_comment_mix(); break;
call    0 never executed
        1:  350:            case 0: puts("Bye."); return 0;
call    0 returned 100%
    #####:  351:            default: puts("Scelta non valida.");
call    0 never executed
        -:  352:        }
        -:  353:    }
        -:  354:}
